[debug] ----------------------------------------------------------------------
[debug] Command:      /usr/local/bin/node /Users/juliekremer/.npm-packages/bin/firebase deploy
[debug] Platform:     darwin
[debug] Node Version: v4.2.4
[debug] Time:         Mon Jan 18 2016 13:00:51 GMT-0800 (PST)
[debug] ----------------------------------------------------------------------
[debug] 
[debug] >>> HTTP REQUEST GET https://admin.firebase.com/firebase/ngmain/token?token=XXX 
[debug] <<< HTTP RESPONSE 200
[debug] >>> HTTP REQUEST GET https://admin.firebase.com/firebase/ngmain/token?token=XXX 
[debug] <<< HTTP RESPONSE 200
[info] 
[info] === Deploying to 'ngmain'...
[info] 
[info] i  deploying 
[debug] >>> HTTP REQUEST POST https://deploy.firebase.com/firebase/ngmain/releases?token=XXX
[debug] TypeError: Cannot read property 'error' of undefined
    at Request._callback (/Users/juliekremer/.npm-packages/lib/node_modules/firebase-tools/lib/api.js:31:22)
    at Request.self.callback (/Users/juliekremer/.npm-packages/lib/node_modules/firebase-tools/node_modules/request/request.js:198:22)
    at emitTwo (events.js:87:13)
    at Request.emit (events.js:172:7)
    at Request.<anonymous> (/Users/juliekremer/.npm-packages/lib/node_modules/firebase-tools/node_modules/request/request.js:1035:10)
    at emitOne (events.js:82:20)
    at Request.emit (events.js:169:7)
    at IncomingMessage.<anonymous> (/Users/juliekremer/.npm-packages/lib/node_modules/firebase-tools/node_modules/request/request.js:962:12)
    at emitNone (events.js:72:20)
    at IncomingMessage.emit (events.js:166:7)
[error] 
[error] Error: An unexpected error has occurred.
